2019-08-07 17:27:36,331 [ModalContext] INFO  c.n.h.c.p.n.NettyAsyncHttpProvider - Number of application's worked threads is 8
2019-08-07 17:27:37,324 [New I/O client worker #1-1] INFO  o.e.m.c.i.e.AbstractTransferListenerAdapter - Downloading http://repo.maven.apache.org/maven2/org/apache/maven/archetypes/maven-archetype-webapp/maven-metadata.xml
2019-08-07 17:27:37,331 [New I/O client worker #1-1] INFO  o.e.m.c.i.e.AbstractTransferListenerAdapter - Downloaded http://repo.maven.apache.org/maven2/org/apache/maven/archetypes/maven-archetype-webapp/maven-metadata.xml
2019-08-07 17:27:37,685 [ModalContext] INFO  c.n.h.c.p.n.NettyAsyncHttpProvider - Number of application's worked threads is 8
2019-08-07 17:27:38,219 [New I/O client worker #2-1] INFO  o.e.m.c.i.e.AbstractTransferListenerAdapter - Downloading http://repo.maven.apache.org/maven2/org/apache/maven/archetypes/maven-archetype-webapp/1.4/maven-archetype-webapp-1.4.jar
2019-08-07 17:27:38,223 [New I/O client worker #2-1] INFO  o.e.m.c.i.e.AbstractTransferListenerAdapter - Downloaded http://repo.maven.apache.org/maven2/org/apache/maven/archetypes/maven-archetype-webapp/1.4/maven-archetype-webapp-1.4.jar
2019-08-07 17:28:30,820 [Worker-10] INFO  c.n.h.c.p.n.NettyAsyncHttpProvider - Number of application's worked threads is 8
2019-08-07 17:28:31,557 [New I/O client worker #3-1] INFO  o.e.m.c.i.e.AbstractTransferListenerAdapter - Downloading http://repo.maven.apache.org/maven2/org/apache/maven/archetypes/maven-archetype-webapp/1.4/maven-archetype-webapp-1.4.pom
2019-08-07 17:28:31,558 [New I/O client worker #3-1] INFO  o.e.m.c.i.e.AbstractTransferListenerAdapter - Downloaded http://repo.maven.apache.org/maven2/org/apache/maven/archetypes/maven-archetype-webapp/1.4/maven-archetype-webapp-1.4.pom
2019-08-07 17:28:31,832 [pool-5-thread-1] INFO  o.e.m.c.i.e.AbstractTransferListenerAdapter - Downloaded file:///C:/Users/valluri/.m2/repository/org/apache/maven/archetypes/maven-archetype-webapp/1.4/maven-archetype-webapp-1.4.jar
2019-08-07 17:28:31,880 [Worker-10] INFO  o.e.m.c.i.p.ProjectConfigurationManager - Collecting project info '/pom.xml' D:\Installables Zips\ECMS\EmpTransport\pom.xml
2019-08-07 17:28:33,467 [Worker-10] INFO  c.n.h.c.p.n.NettyAsyncHttpProvider - Number of application's worked threads is 8
2019-08-07 17:28:34,256 [New I/O client worker #4-1] INFO  o.e.m.c.i.e.AbstractTransferListenerAdapter - Downloading http://repo.maven.apache.org/maven2/org/apache/maven/plugins/maven-resources-plugin/3.0.2/maven-resources-plugin-3.0.2.jar
2019-08-07 17:28:35,036 [New I/O client worker #4-1] INFO  o.e.m.c.i.e.AbstractTransferListenerAdapter - Downloaded http://repo.maven.apache.org/maven2/org/apache/maven/plugins/maven-resources-plugin/3.0.2/maven-resources-plugin-3.0.2.jar
2019-08-07 17:28:36,017 [Worker-10] INFO  c.n.h.c.p.n.NettyAsyncHttpProvider - Number of application's worked threads is 8
2019-08-07 17:28:36,553 [New I/O client worker #5-1] INFO  o.e.m.c.i.e.AbstractTransferListenerAdapter - Downloading http://repo.maven.apache.org/maven2/org/apache/maven/plugins/maven-war-plugin/3.2.2/maven-war-plugin-3.2.2.jar
2019-08-07 17:28:37,093 [New I/O client worker #5-1] INFO  o.e.m.c.i.e.AbstractTransferListenerAdapter - Downloaded http://repo.maven.apache.org/maven2/org/apache/maven/plugins/maven-war-plugin/3.2.2/maven-war-plugin-3.2.2.jar
2019-08-07 17:28:43,628 [Worker-10] INFO  o.e.m.c.i.l.LifecycleMappingFactory - Using org.maven.ide.eclipse.wtp.WarLifecycleMapping lifecycle mapping for MavenProject: com.etas:EmpTransport:0.0.1-SNAPSHOT @ D:\Installables Zips\ECMS\EmpTransport\pom.xml.
2019-08-07 17:28:43,661 [Worker-10] INFO  c.n.h.c.p.n.NettyAsyncHttpProvider - Number of application's worked threads is 8
2019-08-07 17:28:44,188 [New I/O client worker #6-1] INFO  o.e.m.c.i.e.AbstractTransferListenerAdapter - Downloading http://repo.maven.apache.org/maven2/junit/junit/4.11/junit-4.11.pom
2019-08-07 17:28:44,190 [New I/O client worker #6-1] INFO  o.e.m.c.i.e.AbstractTransferListenerAdapter - Downloaded http://repo.maven.apache.org/maven2/junit/junit/4.11/junit-4.11.pom
2019-08-07 17:28:44,542 [Worker-10] INFO  c.n.h.c.p.n.NettyAsyncHttpProvider - Number of application's worked threads is 8
2019-08-07 17:28:45,084 [New I/O client worker #7-1] INFO  o.e.m.c.i.e.AbstractTransferListenerAdapter - Downloading http://repo.maven.apache.org/maven2/junit/junit/4.11/junit-4.11.jar
2019-08-07 17:28:46,131 [New I/O client worker #7-1] INFO  o.e.m.c.i.e.AbstractTransferListenerAdapter - Downloaded http://repo.maven.apache.org/maven2/junit/junit/4.11/junit-4.11.jar
2019-08-07 17:28:46,626 [Worker-10] WARN  o.e.m.c.i.embedder.EclipseLogger - Failed to dispatch repository event to org.eclipse.m2e.core.internal.embedder.EclipseRepositoryListener: null
2019-08-07 17:28:47,126 [Worker-10] INFO  c.n.h.c.p.n.NettyAsyncHttpProvider - Number of application's worked threads is 8
2019-08-07 17:28:47,558 [New I/O client worker #8-1] INFO  o.e.m.c.i.e.AbstractTransferListenerAdapter - Downloading http://repo.maven.apache.org/maven2/org/apache/maven/plugins/maven-resources-plugin/3.0.2/maven-resources-plugin-3.0.2.pom
2019-08-07 17:28:47,560 [New I/O client worker #8-1] INFO  o.e.m.c.i.e.AbstractTransferListenerAdapter - Downloaded http://repo.maven.apache.org/maven2/org/apache/maven/plugins/maven-resources-plugin/3.0.2/maven-resources-plugin-3.0.2.pom
2019-08-07 17:28:47,871 [Worker-11] INFO  o.e.m.c.i.l.LifecycleMappingFactory - Using org.maven.ide.eclipse.wtp.WarLifecycleMapping lifecycle mapping for MavenProject: com.etas:EmpTransport:0.0.1-SNAPSHOT @ D:\Installables Zips\ECMS\EmpTransport\pom.xml.
2019-08-07 17:28:47,876 [Worker-10] INFO  c.n.h.c.p.n.NettyAsyncHttpProvider - Number of application's worked threads is 8
2019-08-07 17:28:48,417 [New I/O client worker #9-1] INFO  o.e.m.c.i.e.AbstractTransferListenerAdapter - Downloading http://repo.maven.apache.org/maven2/org/apache/maven/plugins/maven-war-plugin/3.2.2/maven-war-plugin-3.2.2.pom
2019-08-07 17:28:48,421 [New I/O client worker #9-1] INFO  o.e.m.c.i.e.AbstractTransferListenerAdapter - Downloaded http://repo.maven.apache.org/maven2/org/apache/maven/plugins/maven-war-plugin/3.2.2/maven-war-plugin-3.2.2.pom
2019-08-07 17:28:49,811 [Worker-10] INFO  o.e.m.j.i.AbstractJavaProjectConfigurator - Adding source folder /EmpTransport/src/main/java
2019-08-07 17:28:49,812 [Worker-10] INFO  o.e.m.j.i.AbstractJavaProjectConfigurator - Adding source folder /EmpTransport/src/test/java
2019-08-07 17:29:00,328 [Worker-10] INFO  o.e.m.c.i.p.ProjectConfigurationManager - Project import completed 28 sec
2019-08-07 17:29:01,944 [Worker-11] INFO  c.n.h.c.p.n.NettyAsyncHttpProvider - Number of application's worked threads is 8
2019-08-07 17:29:02,741 [New I/O client worker #10-1] INFO  o.e.m.c.i.e.AbstractTransferListenerAdapter - Downloading http://repo.maven.apache.org/maven2/org/apache/maven/maven-archiver/3.2.0/maven-archiver-3.2.0.pom
2019-08-07 17:29:02,754 [New I/O client worker #10-1] INFO  o.e.m.c.i.e.AbstractTransferListenerAdapter - Downloaded http://repo.maven.apache.org/maven2/org/apache/maven/maven-archiver/3.2.0/maven-archiver-3.2.0.pom
2019-08-07 17:29:03,067 [Worker-11] INFO  c.n.h.c.p.n.NettyAsyncHttpProvider - Number of application's worked threads is 8
2019-08-07 17:29:03,598 [New I/O client worker #11-1] INFO  o.e.m.c.i.e.AbstractTransferListenerAdapter - Downloading http://repo.maven.apache.org/maven2/org/apache/maven/shared/maven-shared-utils/3.2.0/maven-shared-utils-3.2.0.pom
2019-08-07 17:29:03,600 [New I/O client worker #11-1] INFO  o.e.m.c.i.e.AbstractTransferListenerAdapter - Downloaded http://repo.maven.apache.org/maven2/org/apache/maven/shared/maven-shared-utils/3.2.0/maven-shared-utils-3.2.0.pom
2019-08-07 17:29:03,942 [Worker-11] INFO  c.n.h.c.p.n.NettyAsyncHttpProvider - Number of application's worked threads is 8
2019-08-07 17:29:04,369 [New I/O client worker #12-1] INFO  o.e.m.c.i.e.AbstractTransferListenerAdapter - Downloading http://repo.maven.apache.org/maven2/org/codehaus/plexus/plexus-archiver/3.5/plexus-archiver-3.5.pom
2019-08-07 17:29:04,370 [New I/O client worker #12-1] INFO  o.e.m.c.i.e.AbstractTransferListenerAdapter - Downloaded http://repo.maven.apache.org/maven2/org/codehaus/plexus/plexus-archiver/3.5/plexus-archiver-3.5.pom
2019-08-07 17:29:05,566 [Worker-11] INFO  c.n.h.c.p.n.NettyAsyncHttpProvider - Number of application's worked threads is 8
2019-08-07 17:29:06,104 [New I/O client worker #13-1] INFO  o.e.m.c.i.e.AbstractTransferListenerAdapter - Downloading http://repo.maven.apache.org/maven2/org/codehaus/plexus/plexus-io/3.0.0/plexus-io-3.0.0.pom
2019-08-07 17:29:06,112 [New I/O client worker #13-1] INFO  o.e.m.c.i.e.AbstractTransferListenerAdapter - Downloaded http://repo.maven.apache.org/maven2/org/codehaus/plexus/plexus-io/3.0.0/plexus-io-3.0.0.pom
2019-08-07 17:29:06,465 [Worker-11] INFO  c.n.h.c.p.n.NettyAsyncHttpProvider - Number of application's worked threads is 8
2019-08-07 17:29:06,893 [New I/O client worker #14-1] INFO  o.e.m.c.i.e.AbstractTransferListenerAdapter - Downloading http://repo.maven.apache.org/maven2/org/apache/commons/commons-compress/1.14/commons-compress-1.14.pom
2019-08-07 17:29:06,896 [New I/O client worker #14-1] INFO  o.e.m.c.i.e.AbstractTransferListenerAdapter - Downloaded http://repo.maven.apache.org/maven2/org/apache/commons/commons-compress/1.14/commons-compress-1.14.pom
2019-08-07 17:29:07,338 [Worker-11] INFO  c.n.h.c.p.n.NettyAsyncHttpProvider - Number of application's worked threads is 8
2019-08-07 17:29:07,769 [New I/O client worker #15-1] INFO  o.e.m.c.i.e.AbstractTransferListenerAdapter - Downloading http://repo.maven.apache.org/maven2/org/tukaani/xz/1.6/xz-1.6.pom
2019-08-07 17:29:07,770 [New I/O client worker #15-1] INFO  o.e.m.c.i.e.AbstractTransferListenerAdapter - Downloaded http://repo.maven.apache.org/maven2/org/tukaani/xz/1.6/xz-1.6.pom
2019-08-07 17:29:09,006 [Worker-11] INFO  c.n.h.c.p.n.NettyAsyncHttpProvider - Number of application's worked threads is 8
2019-08-07 17:29:09,452 [New I/O client worker #16-1] INFO  o.e.m.c.i.e.AbstractTransferListenerAdapter - Downloading http://repo.maven.apache.org/maven2/org/apache/maven/maven-archiver/3.2.0/maven-archiver-3.2.0.jar
2019-08-07 17:29:09,458 [New I/O client worker #16-2] INFO  o.e.m.c.i.e.AbstractTransferListenerAdapter - Downloading http://repo.maven.apache.org/maven2/org/apache/maven/shared/maven-shared-utils/3.2.0/maven-shared-utils-3.2.0.jar
2019-08-07 17:29:09,550 [New I/O client worker #16-3] INFO  o.e.m.c.i.e.AbstractTransferListenerAdapter - Downloading http://repo.maven.apache.org/maven2/org/codehaus/plexus/plexus-archiver/3.6.0/plexus-archiver-3.6.0.jar
2019-08-07 17:29:09,552 [New I/O client worker #16-6] INFO  o.e.m.c.i.e.AbstractTransferListenerAdapter - Downloading http://repo.maven.apache.org/maven2/org/codehaus/plexus/plexus-interpolation/1.25/plexus-interpolation-1.25.jar
2019-08-07 17:29:09,561 [New I/O client worker #16-4] INFO  o.e.m.c.i.e.AbstractTransferListenerAdapter - Downloading http://repo.maven.apache.org/maven2/org/codehaus/plexus/plexus-io/3.0.1/plexus-io-3.0.1.jar
2019-08-07 17:29:09,577 [New I/O client worker #16-5] INFO  o.e.m.c.i.e.AbstractTransferListenerAdapter - Downloading http://repo.maven.apache.org/maven2/org/apache/commons/commons-compress/1.16.1/commons-compress-1.16.1.jar
2019-08-07 17:29:09,663 [New I/O client worker #16-1] INFO  o.e.m.c.i.e.AbstractTransferListenerAdapter - Downloaded http://repo.maven.apache.org/maven2/org/apache/maven/maven-archiver/3.2.0/maven-archiver-3.2.0.jar
2019-08-07 17:29:10,057 [New I/O client worker #16-6] INFO  o.e.m.c.i.e.AbstractTransferListenerAdapter - Downloaded http://repo.maven.apache.org/maven2/org/codehaus/plexus/plexus-interpolation/1.25/plexus-interpolation-1.25.jar
2019-08-07 17:29:10,092 [New I/O client worker #16-2] INFO  o.e.m.c.i.e.AbstractTransferListenerAdapter - Downloaded http://repo.maven.apache.org/maven2/org/apache/maven/shared/maven-shared-utils/3.2.0/maven-shared-utils-3.2.0.jar
2019-08-07 17:29:10,102 [New I/O client worker #16-4] INFO  o.e.m.c.i.e.AbstractTransferListenerAdapter - Downloaded http://repo.maven.apache.org/maven2/org/codehaus/plexus/plexus-io/3.0.1/plexus-io-3.0.1.jar
2019-08-07 17:29:10,364 [New I/O client worker #16-3] INFO  o.e.m.c.i.e.AbstractTransferListenerAdapter - Downloaded http://repo.maven.apache.org/maven2/org/codehaus/plexus/plexus-archiver/3.6.0/plexus-archiver-3.6.0.jar
2019-08-07 17:29:11,177 [New I/O client worker #16-5] INFO  o.e.m.c.i.e.AbstractTransferListenerAdapter - Downloaded http://repo.maven.apache.org/maven2/org/apache/commons/commons-compress/1.16.1/commons-compress-1.16.1.jar
2019-08-07 17:29:14,461 [Worker-11] INFO  c.n.h.c.p.n.NettyAsyncHttpProvider - Number of application's worked threads is 8
2019-08-07 17:29:15,256 [New I/O client worker #17-1] INFO  o.e.m.c.i.e.AbstractTransferListenerAdapter - Downloading http://repo.maven.apache.org/maven2/org/apache/maven/plugins/maven-clean-plugin/3.1.0/maven-clean-plugin-3.1.0.pom
2019-08-07 17:29:15,257 [New I/O client worker #17-1] INFO  o.e.m.c.i.e.AbstractTransferListenerAdapter - Downloaded http://repo.maven.apache.org/maven2/org/apache/maven/plugins/maven-clean-plugin/3.1.0/maven-clean-plugin-3.1.0.pom
2019-08-07 17:29:18,117 [Worker-12] INFO  o.e.m.c.i.l.LifecycleMappingFactory - Using org.maven.ide.eclipse.wtp.WarLifecycleMapping lifecycle mapping for MavenProject: com.etas:EmpTransport:0.0.1-SNAPSHOT @ D:\Installables Zips\ECMS\EmpTransport\pom.xml.
2019-08-07 17:29:18,352 [Worker-12] INFO  o.e.m.c.i.embedder.EclipseLogger - Using 'UTF-8' encoding to copy filtered resources.
2019-08-07 17:29:18,352 [Worker-12] INFO  o.e.m.c.i.embedder.EclipseLogger - skip non existing resourceDirectory D:\Installables Zips\ECMS\EmpTransport\src\main\resources
2019-08-07 17:29:18,357 [Worker-12] INFO  o.e.m.c.i.embedder.EclipseLogger - Using 'UTF-8' encoding to copy filtered resources.
2019-08-07 17:29:18,358 [Worker-12] INFO  o.e.m.c.i.embedder.EclipseLogger - skip non existing resourceDirectory D:\Installables Zips\ECMS\EmpTransport\src\test\resources
2019-08-07 17:31:52,021 [Worker-11] INFO  o.e.m.c.i.p.ProjectConfigurationManager - Update started
2019-08-07 17:31:52,145 [Worker-11] INFO  o.e.m.c.i.l.LifecycleMappingFactory - Using org.maven.ide.eclipse.wtp.WarLifecycleMapping lifecycle mapping for MavenProject: com.etas:EmpTransport:0.0.1-SNAPSHOT @ D:\Installables Zips\ECMS\EmpTransport\pom.xml.
2019-08-07 17:31:52,374 [Worker-11] INFO  o.e.m.j.i.AbstractJavaProjectConfigurator - Adding source folder /EmpTransport/src/main/java
2019-08-07 17:31:52,374 [Worker-11] INFO  o.e.m.j.i.AbstractJavaProjectConfigurator - Adding source folder /EmpTransport/src/test/java
2019-08-07 17:31:55,144 [Worker-11] INFO  o.e.m.w.i.f.ResourceFilteringBuildParticipant - Cleaning filtered folder for EmpTransport
2019-08-07 17:31:55,166 [Worker-11] INFO  o.e.m.c.i.p.ProjectConfigurationManager - Update completed: 3 sec
2019-08-07 17:31:55,518 [Worker-19] INFO  o.e.m.c.i.l.LifecycleMappingFactory - Using org.maven.ide.eclipse.wtp.WarLifecycleMapping lifecycle mapping for MavenProject: com.etas:EmpTransport:0.0.1-SNAPSHOT @ D:\Installables Zips\ECMS\EmpTransport\pom.xml.
2019-08-07 17:31:55,830 [Worker-19] INFO  o.e.m.c.i.embedder.EclipseLogger - Using 'UTF-8' encoding to copy filtered resources.
2019-08-07 17:31:55,830 [Worker-19] INFO  o.e.m.c.i.embedder.EclipseLogger - skip non existing resourceDirectory D:\Installables Zips\ECMS\EmpTransport\src\main\resources
2019-08-07 17:31:55,833 [Worker-19] INFO  o.e.m.c.i.embedder.EclipseLogger - Using 'UTF-8' encoding to copy filtered resources.
2019-08-07 17:31:55,833 [Worker-19] INFO  o.e.m.c.i.embedder.EclipseLogger - skip non existing resourceDirectory D:\Installables Zips\ECMS\EmpTransport\src\test\resources
2019-08-07 17:34:03,802 [Worker-19] INFO  o.e.m.c.i.embedder.EclipseLogger - Using 'UTF-8' encoding to copy filtered resources.
2019-08-07 17:34:03,802 [Worker-19] INFO  o.e.m.c.i.embedder.EclipseLogger - skip non existing resourceDirectory D:\Installables Zips\ECMS\EmpTransport\src\main\resources
2019-08-07 17:34:03,803 [Worker-19] INFO  o.e.m.c.i.embedder.EclipseLogger - Using 'UTF-8' encoding to copy filtered resources.
2019-08-07 17:34:03,804 [Worker-19] INFO  o.e.m.c.i.embedder.EclipseLogger - skip non existing resourceDirectory D:\Installables Zips\ECMS\EmpTransport\src\test\resources
2019-08-07 17:34:50,119 [Worker-18] INFO  o.e.m.c.i.embedder.EclipseLogger - Using 'UTF-8' encoding to copy filtered resources.
2019-08-07 17:34:50,119 [Worker-18] INFO  o.e.m.c.i.embedder.EclipseLogger - skip non existing resourceDirectory D:\Installables Zips\ECMS\EmpTransport\src\main\resources
2019-08-07 17:34:50,122 [Worker-18] INFO  o.e.m.c.i.embedder.EclipseLogger - Using 'UTF-8' encoding to copy filtered resources.
2019-08-07 17:34:50,122 [Worker-18] INFO  o.e.m.c.i.embedder.EclipseLogger - skip non existing resourceDirectory D:\Installables Zips\ECMS\EmpTransport\src\test\resources
2019-08-07 17:35:36,153 [Worker-11] INFO  o.e.m.c.i.embedder.EclipseLogger - Using 'UTF-8' encoding to copy filtered resources.
2019-08-07 17:35:36,154 [Worker-11] INFO  o.e.m.c.i.embedder.EclipseLogger - skip non existing resourceDirectory D:\Installables Zips\ECMS\EmpTransport\src\main\resources
2019-08-07 17:35:36,156 [Worker-11] INFO  o.e.m.c.i.embedder.EclipseLogger - Using 'UTF-8' encoding to copy filtered resources.
2019-08-07 17:35:36,156 [Worker-11] INFO  o.e.m.c.i.embedder.EclipseLogger - skip non existing resourceDirectory D:\Installables Zips\ECMS\EmpTransport\src\test\resources
2019-08-07 17:35:39,821 [Worker-11] INFO  o.e.m.c.i.l.LifecycleMappingFactory - Using org.maven.ide.eclipse.wtp.WarLifecycleMapping lifecycle mapping for MavenProject: com.etas:EmpTransport:0.0.1-SNAPSHOT @ D:\Installables Zips\ECMS\EmpTransport\pom.xml.
2019-08-07 17:35:40,128 [Worker-11] INFO  o.e.m.c.i.embedder.EclipseLogger - Using 'UTF-8' encoding to copy filtered resources.
2019-08-07 17:35:40,129 [Worker-11] INFO  o.e.m.c.i.embedder.EclipseLogger - skip non existing resourceDirectory D:\Installables Zips\ECMS\EmpTransport\src\main\resources
2019-08-07 17:35:40,131 [Worker-11] INFO  o.e.m.c.i.embedder.EclipseLogger - Using 'UTF-8' encoding to copy filtered resources.
2019-08-07 17:35:40,131 [Worker-11] INFO  o.e.m.c.i.embedder.EclipseLogger - skip non existing resourceDirectory D:\Installables Zips\ECMS\EmpTransport\src\test\resources
2019-08-07 17:35:47,565 [Worker-18] INFO  o.e.m.c.i.p.ProjectConfigurationManager - Update started
2019-08-07 17:35:47,627 [Worker-18] INFO  o.e.m.c.i.l.LifecycleMappingFactory - Using org.maven.ide.eclipse.wtp.WarLifecycleMapping lifecycle mapping for MavenProject: com.etas:EmpTransport:0.0.1-SNAPSHOT @ D:\Installables Zips\ECMS\EmpTransport\pom.xml.
2019-08-07 17:35:47,785 [Worker-18] INFO  o.e.m.j.i.AbstractJavaProjectConfigurator - Adding source folder /EmpTransport/src/main/java
2019-08-07 17:35:47,790 [Worker-18] INFO  o.e.m.j.i.AbstractJavaProjectConfigurator - Adding source folder /EmpTransport/src/test/java
2019-08-07 17:35:50,124 [Worker-18] INFO  o.e.m.w.i.f.ResourceFilteringBuildParticipant - Cleaning filtered folder for EmpTransport
2019-08-07 17:35:50,134 [Worker-18] INFO  o.e.m.c.i.p.ProjectConfigurationManager - Update completed: 2 sec
2019-08-07 17:35:50,440 [Worker-18] INFO  o.e.m.c.i.l.LifecycleMappingFactory - Using org.maven.ide.eclipse.wtp.WarLifecycleMapping lifecycle mapping for MavenProject: com.etas:EmpTransport:0.0.1-SNAPSHOT @ D:\Installables Zips\ECMS\EmpTransport\pom.xml.
2019-08-07 17:35:50,667 [Worker-18] INFO  o.e.m.c.i.embedder.EclipseLogger - Using 'UTF-8' encoding to copy filtered resources.
2019-08-07 17:35:50,667 [Worker-18] INFO  o.e.m.c.i.embedder.EclipseLogger - skip non existing resourceDirectory D:\Installables Zips\ECMS\EmpTransport\src\main\resources
2019-08-07 17:35:50,669 [Worker-18] INFO  o.e.m.c.i.embedder.EclipseLogger - Using 'UTF-8' encoding to copy filtered resources.
2019-08-07 17:35:50,669 [Worker-18] INFO  o.e.m.c.i.embedder.EclipseLogger - skip non existing resourceDirectory D:\Installables Zips\ECMS\EmpTransport\src\test\resources
2019-08-07 17:38:08,737 [Worker-21] INFO  o.e.m.i.launch.MavenLaunchDelegate - D:\Installables Zips\ECMS\EmpTransport
2019-08-07 17:38:08,737 [Worker-21] INFO  o.e.m.i.launch.MavenLaunchDelegate -  mvn  -B clean
2019-08-07 17:38:12,884 [Worker-18] INFO  o.e.m.c.i.embedder.EclipseLogger - Using 'UTF-8' encoding to copy filtered resources.
2019-08-07 17:38:12,884 [Worker-18] INFO  o.e.m.c.i.embedder.EclipseLogger - skip non existing resourceDirectory D:\Installables Zips\ECMS\EmpTransport\src\main\resources
2019-08-07 17:38:12,887 [Worker-18] INFO  o.e.m.c.i.embedder.EclipseLogger - Using 'UTF-8' encoding to copy filtered resources.
2019-08-07 17:38:12,887 [Worker-18] INFO  o.e.m.c.i.embedder.EclipseLogger - skip non existing resourceDirectory D:\Installables Zips\ECMS\EmpTransport\src\test\resources
2019-08-07 17:38:18,185 [Worker-24] INFO  o.e.m.i.launch.MavenLaunchDelegate - D:\Installables Zips\ECMS\EmpTransport
2019-08-07 17:38:18,186 [Worker-24] INFO  o.e.m.i.launch.MavenLaunchDelegate -  mvn  -B install
2019-08-07 17:38:41,734 [Worker-33] INFO  o.e.m.c.i.embedder.EclipseLogger - Using 'UTF-8' encoding to copy filtered resources.
2019-08-07 17:38:41,734 [Worker-33] INFO  o.e.m.c.i.embedder.EclipseLogger - skip non existing resourceDirectory D:\Installables Zips\ECMS\EmpTransport\src\main\resources
2019-08-07 17:38:41,736 [Worker-33] INFO  o.e.m.c.i.embedder.EclipseLogger - Using 'UTF-8' encoding to copy filtered resources.
2019-08-07 17:38:41,736 [Worker-33] INFO  o.e.m.c.i.embedder.EclipseLogger - skip non existing resourceDirectory D:\Installables Zips\ECMS\EmpTransport\src\test\resources
2019-08-07 17:39:01,487 [Worker-34] INFO  o.e.m.i.launch.MavenLaunchDelegate - D:\Installables Zips\ECMS\EmpTransport
2019-08-07 17:39:01,487 [Worker-34] INFO  o.e.m.i.launch.MavenLaunchDelegate -  mvn  -B clean
2019-08-07 17:39:05,222 [Worker-27] INFO  o.e.m.c.i.embedder.EclipseLogger - Using 'UTF-8' encoding to copy filtered resources.
2019-08-07 17:39:05,223 [Worker-27] INFO  o.e.m.c.i.embedder.EclipseLogger - skip non existing resourceDirectory D:\Installables Zips\ECMS\EmpTransport\src\main\resources
2019-08-07 17:39:05,225 [Worker-27] INFO  o.e.m.c.i.embedder.EclipseLogger - Using 'UTF-8' encoding to copy filtered resources.
2019-08-07 17:39:05,225 [Worker-27] INFO  o.e.m.c.i.embedder.EclipseLogger - skip non existing resourceDirectory D:\Installables Zips\ECMS\EmpTransport\src\test\resources
2019-08-07 17:39:09,288 [Worker-28] INFO  o.e.m.i.launch.MavenLaunchDelegate - D:\Installables Zips\ECMS\EmpTransport
2019-08-07 17:39:09,288 [Worker-28] INFO  o.e.m.i.launch.MavenLaunchDelegate -  mvn  -B install
2019-08-07 17:39:14,111 [Worker-33] INFO  o.e.m.c.i.embedder.EclipseLogger - Using 'UTF-8' encoding to copy filtered resources.
2019-08-07 17:39:14,111 [Worker-33] INFO  o.e.m.c.i.embedder.EclipseLogger - skip non existing resourceDirectory D:\Installables Zips\ECMS\EmpTransport\src\main\resources
2019-08-07 17:39:14,113 [Worker-33] INFO  o.e.m.c.i.embedder.EclipseLogger - Using 'UTF-8' encoding to copy filtered resources.
2019-08-07 17:39:14,113 [Worker-33] INFO  o.e.m.c.i.embedder.EclipseLogger - skip non existing resourceDirectory D:\Installables Zips\ECMS\EmpTransport\src\test\resources
2019-08-07 17:40:24,093 [Worker-11] INFO  o.e.m.c.i.l.LifecycleMappingFactory - Using org.maven.ide.eclipse.wtp.WarLifecycleMapping lifecycle mapping for MavenProject: com.etas:EmpTransport:0.0.1-SNAPSHOT @ D:\Installables Zips\ECMS\EmpTransport\pom.xml.
2019-08-07 17:40:24,229 [Worker-11] INFO  c.n.h.c.p.n.NettyAsyncHttpProvider - Number of application's worked threads is 8
2019-08-07 17:40:25,042 [New I/O client worker #18-1] INFO  o.e.m.c.i.e.AbstractTransferListenerAdapter - Downloading http://repo.maven.apache.org/maven2/org/apache/maven/plugins/maven-clean-plugin/2.4.1/maven-clean-plugin-2.4.1.pom
2019-08-07 17:40:25,043 [New I/O client worker #18-1] INFO  o.e.m.c.i.e.AbstractTransferListenerAdapter - Downloaded http://repo.maven.apache.org/maven2/org/apache/maven/plugins/maven-clean-plugin/2.4.1/maven-clean-plugin-2.4.1.pom
2019-08-07 17:40:25,351 [Worker-11] WARN  o.e.m.c.i.embedder.EclipseLogger - Failed to retrieve plugin descriptor for org.apache.maven.plugins:maven-clean-plugin:2.4.1: Plugin org.apache.maven.plugins:maven-clean-plugin:2.4.1 or one of its dependencies could not be resolved: Failure to transfer org.apache.maven.plugins:maven-clean-plugin:jar:2.4.1 from http://repo.maven.apache.org/maven2 was cached in the local repository, resolution will not be reattempted until the update interval of central has elapsed or updates are forced. Original error: Could not transfer artifact org.apache.maven.plugins:maven-clean-plugin:jar:2.4.1 from/to central (http://repo.maven.apache.org/maven2): Remotely Closed [id: 0x0b678061, /172.16.1.38:52285 :> repo.maven.apache.org/151.101.196.215:80]
2019-08-07 17:40:25,366 [Worker-11] WARN  o.e.m.c.i.embedder.EclipseLogger - Failed to retrieve plugin descriptor for org.apache.maven.plugins:maven-resources-plugin:2.5: Plugin org.apache.maven.plugins:maven-resources-plugin:2.5 or one of its dependencies could not be resolved: Failure to transfer org.apache.maven.plugins:maven-resources-plugin:jar:2.5 from http://repo.maven.apache.org/maven2 was cached in the local repository, resolution will not be reattempted until the update interval of central has elapsed or updates are forced. Original error: Could not transfer artifact org.apache.maven.plugins:maven-resources-plugin:jar:2.5 from/to central (http://repo.maven.apache.org/maven2): Remotely Closed [id: 0x062de834, /172.16.1.38:52299 :> repo.maven.apache.org/151.101.196.215:80]
2019-08-07 17:40:25,453 [Worker-11] WARN  o.e.m.c.i.embedder.EclipseLogger - Failed to retrieve plugin descriptor for org.apache.maven.plugins:maven-clean-plugin:2.4.1: Plugin org.apache.maven.plugins:maven-clean-plugin:2.4.1 or one of its dependencies could not be resolved: Failure to transfer org.apache.maven.plugins:maven-clean-plugin:jar:2.4.1 from http://repo.maven.apache.org/maven2 was cached in the local repository, resolution will not be reattempted until the update interval of central has elapsed or updates are forced. Original error: Could not transfer artifact org.apache.maven.plugins:maven-clean-plugin:jar:2.4.1 from/to central (http://repo.maven.apache.org/maven2): Remotely Closed [id: 0x0b678061, /172.16.1.38:52285 :> repo.maven.apache.org/151.101.196.215:80]
2019-08-07 17:40:25,460 [Worker-11] WARN  o.e.m.c.i.embedder.EclipseLogger - Failed to retrieve plugin descriptor for org.apache.maven.plugins:maven-resources-plugin:2.5: Plugin org.apache.maven.plugins:maven-resources-plugin:2.5 or one of its dependencies could not be resolved: Failure to transfer org.apache.maven.plugins:maven-resources-plugin:jar:2.5 from http://repo.maven.apache.org/maven2 was cached in the local repository, resolution will not be reattempted until the update interval of central has elapsed or updates are forced. Original error: Could not transfer artifact org.apache.maven.plugins:maven-resources-plugin:jar:2.5 from/to central (http://repo.maven.apache.org/maven2): Remotely Closed [id: 0x062de834, /172.16.1.38:52299 :> repo.maven.apache.org/151.101.196.215:80]
2019-08-07 17:40:57,643 [Worker-25] INFO  o.e.m.c.i.l.LifecycleMappingFactory - Using org.maven.ide.eclipse.wtp.WarLifecycleMapping lifecycle mapping for MavenProject: com.etas:EmpTransport:0.0.1-SNAPSHOT @ D:\Installables Zips\ECMS\EmpTransport\pom.xml.
2019-08-07 17:40:57,683 [Worker-25] WARN  o.e.m.c.i.embedder.EclipseLogger - Failed to retrieve plugin descriptor for org.apache.maven.plugins:maven-resources-plugin:2.5: Plugin org.apache.maven.plugins:maven-resources-plugin:2.5 or one of its dependencies could not be resolved: Failure to transfer org.apache.maven.plugins:maven-resources-plugin:jar:2.5 from http://repo.maven.apache.org/maven2 was cached in the local repository, resolution will not be reattempted until the update interval of central has elapsed or updates are forced. Original error: Could not transfer artifact org.apache.maven.plugins:maven-resources-plugin:jar:2.5 from/to central (http://repo.maven.apache.org/maven2): Remotely Closed [id: 0x062de834, /172.16.1.38:52299 :> repo.maven.apache.org/151.101.196.215:80]
2019-08-07 17:40:57,685 [Worker-25] INFO  c.n.h.c.p.n.NettyAsyncHttpProvider - Number of application's worked threads is 8
2019-08-07 17:40:58,411 [New I/O client worker #19-1] INFO  o.e.m.c.i.e.AbstractTransferListenerAdapter - Downloading http://repo.maven.apache.org/maven2/org/apache/maven/plugins/maven-war-plugin/2.1.1/maven-war-plugin-2.1.1.pom
2019-08-07 17:40:58,412 [New I/O client worker #19-1] INFO  o.e.m.c.i.e.AbstractTransferListenerAdapter - Downloaded http://repo.maven.apache.org/maven2/org/apache/maven/plugins/maven-war-plugin/2.1.1/maven-war-plugin-2.1.1.pom
2019-08-07 17:40:58,658 [Worker-25] WARN  o.e.m.c.i.embedder.EclipseLogger - Failed to retrieve plugin descriptor for org.apache.maven.plugins:maven-war-plugin:2.1.1: Plugin org.apache.maven.plugins:maven-war-plugin:2.1.1 or one of its dependencies could not be resolved: Failure to transfer org.apache.maven.plugins:maven-war-plugin:jar:2.1.1 from http://repo.maven.apache.org/maven2 was cached in the local repository, resolution will not be reattempted until the update interval of central has elapsed or updates are forced. Original error: Could not transfer artifact org.apache.maven.plugins:maven-war-plugin:jar:2.1.1 from/to central (http://repo.maven.apache.org/maven2): Remotely Closed [id: 0x0b94c843, /172.16.1.38:55889 :> repo.maven.apache.org/151.101.36.215:80]
2019-08-07 17:40:58,664 [Worker-25] WARN  o.e.m.c.i.embedder.EclipseLogger - Failed to retrieve plugin descriptor for org.apache.maven.plugins:maven-compiler-plugin:2.3.2: Plugin org.apache.maven.plugins:maven-compiler-plugin:2.3.2 or one of its dependencies could not be resolved: Failure to transfer org.apache.maven.plugins:maven-compiler-plugin:jar:2.3.2 from http://repo.maven.apache.org/maven2 was cached in the local repository, resolution will not be reattempted until the update interval of central has elapsed or updates are forced. Original error: Could not transfer artifact org.apache.maven.plugins:maven-compiler-plugin:jar:2.3.2 from/to central (http://repo.maven.apache.org/maven2): Remotely Closed [id: 0x271567b8, /172.16.1.38:52313 :> repo.maven.apache.org/151.101.196.215:80]
2019-08-07 17:40:58,666 [Worker-25] INFO  c.n.h.c.p.n.NettyAsyncHttpProvider - Number of application's worked threads is 8
2019-08-07 17:40:59,203 [New I/O client worker #20-1] INFO  o.e.m.c.i.e.AbstractTransferListenerAdapter - Downloading http://repo.maven.apache.org/maven2/org/apache/maven/plugins/maven-surefire-plugin/2.10/maven-surefire-plugin-2.10.pom
2019-08-07 17:40:59,205 [New I/O client worker #20-1] INFO  o.e.m.c.i.e.AbstractTransferListenerAdapter - Downloaded http://repo.maven.apache.org/maven2/org/apache/maven/plugins/maven-surefire-plugin/2.10/maven-surefire-plugin-2.10.pom
2019-08-07 17:40:59,494 [Worker-25] INFO  c.n.h.c.p.n.NettyAsyncHttpProvider - Number of application's worked threads is 8
2019-08-07 17:40:59,948 [New I/O client worker #21-1] INFO  o.e.m.c.i.e.AbstractTransferListenerAdapter - Downloading http://repo.maven.apache.org/maven2/org/apache/maven/surefire/surefire/2.10/surefire-2.10.pom
2019-08-07 17:40:59,950 [New I/O client worker #21-1] INFO  o.e.m.c.i.e.AbstractTransferListenerAdapter - Downloaded http://repo.maven.apache.org/maven2/org/apache/maven/surefire/surefire/2.10/surefire-2.10.pom
2019-08-07 17:41:00,193 [Worker-25] INFO  c.n.h.c.p.n.NettyAsyncHttpProvider - Number of application's worked threads is 8
2019-08-07 17:41:00,747 [New I/O client worker #22-1] INFO  o.e.m.c.i.e.AbstractTransferListenerAdapter - Downloading http://repo.maven.apache.org/maven2/org/apache/maven/maven-parent/20/maven-parent-20.pom
2019-08-07 17:41:01,003 [New I/O client worker #22-1] INFO  o.e.m.c.i.e.AbstractTransferListenerAdapter - Downloaded http://repo.maven.apache.org/maven2/org/apache/maven/maven-parent/20/maven-parent-20.pom
2019-08-07 17:41:01,304 [Worker-25] WARN  o.e.m.c.i.embedder.EclipseLogger - Failed to retrieve plugin descriptor for org.apache.maven.plugins:maven-surefire-plugin:2.10: Plugin org.apache.maven.plugins:maven-surefire-plugin:2.10 or one of its dependencies could not be resolved: Failure to transfer org.apache.maven.plugins:maven-surefire-plugin:jar:2.10 from http://repo.maven.apache.org/maven2 was cached in the local repository, resolution will not be reattempted until the update interval of central has elapsed or updates are forced. Original error: Could not transfer artifact org.apache.maven.plugins:maven-surefire-plugin:jar:2.10 from/to central (http://repo.maven.apache.org/maven2): Remotely Closed [id: 0x5fa26435, /172.16.1.38:52327 :> repo.maven.apache.org/151.101.196.215:80]
2019-08-07 17:41:01,308 [Worker-25] INFO  c.n.h.c.p.n.NettyAsyncHttpProvider - Number of application's worked threads is 8
2019-08-07 17:41:01,752 [New I/O client worker #23-1] INFO  o.e.m.c.i.e.AbstractTransferListenerAdapter - Downloading http://repo.maven.apache.org/maven2/org/apache/maven/plugins/maven-install-plugin/2.3.1/maven-install-plugin-2.3.1.pom
2019-08-07 17:41:01,753 [New I/O client worker #23-1] INFO  o.e.m.c.i.e.AbstractTransferListenerAdapter - Downloaded http://repo.maven.apache.org/maven2/org/apache/maven/plugins/maven-install-plugin/2.3.1/maven-install-plugin-2.3.1.pom
2019-08-07 17:41:01,998 [Worker-25] WARN  o.e.m.c.i.embedder.EclipseLogger - Failed to retrieve plugin descriptor for org.apache.maven.plugins:maven-install-plugin:2.3.1: Plugin org.apache.maven.plugins:maven-install-plugin:2.3.1 or one of its dependencies could not be resolved: Failure to transfer org.apache.maven.plugins:maven-install-plugin:jar:2.3.1 from http://repo.maven.apache.org/maven2 was cached in the local repository, resolution will not be reattempted until the update interval of central has elapsed or updates are forced. Original error: Could not transfer artifact org.apache.maven.plugins:maven-install-plugin:jar:2.3.1 from/to central (http://repo.maven.apache.org/maven2): Remotely Closed [id: 0x7035c62a, /172.16.1.38:52356 :> repo.maven.apache.org/151.101.196.215:80]
2019-08-07 17:41:02,183 [Worker-25] INFO  c.n.h.c.p.n.NettyAsyncHttpProvider - Number of application's worked threads is 8
2019-08-07 17:41:02,615 [New I/O client worker #24-1] INFO  o.e.m.c.i.e.AbstractTransferListenerAdapter - Downloading http://repo.maven.apache.org/maven2/org/apache/maven/plugins/maven-site-plugin/3.0/maven-site-plugin-3.0.pom
2019-08-07 17:41:02,826 [New I/O client worker #24-1] INFO  o.e.m.c.i.e.AbstractTransferListenerAdapter - Downloaded http://repo.maven.apache.org/maven2/org/apache/maven/plugins/maven-site-plugin/3.0/maven-site-plugin-3.0.pom
2019-08-07 17:41:03,066 [Worker-25] INFO  c.n.h.c.p.n.NettyAsyncHttpProvider - Number of application's worked threads is 8
2019-08-07 17:41:03,508 [New I/O client worker #25-1] INFO  o.e.m.c.i.e.AbstractTransferListenerAdapter - Downloading http://repo.maven.apache.org/maven2/org/apache/maven/plugins/maven-plugins/21/maven-plugins-21.pom
2019-08-07 17:41:03,509 [New I/O client worker #25-1] INFO  o.e.m.c.i.e.AbstractTransferListenerAdapter - Downloaded http://repo.maven.apache.org/maven2/org/apache/maven/plugins/maven-plugins/21/maven-plugins-21.pom
2019-08-07 17:41:03,752 [Worker-25] WARN  o.e.m.c.i.embedder.EclipseLogger - Failed to retrieve plugin descriptor for org.apache.maven.plugins:maven-site-plugin:3.0: Plugin org.apache.maven.plugins:maven-site-plugin:3.0 or one of its dependencies could not be resolved: Failure to transfer org.apache.maven.plugins:maven-site-plugin:jar:3.0 from http://repo.maven.apache.org/maven2 was cached in the local repository, resolution will not be reattempted until the update interval of central has elapsed or updates are forced. Original error: Could not transfer artifact org.apache.maven.plugins:maven-site-plugin:jar:3.0 from/to central (http://repo.maven.apache.org/maven2): Remotely Closed [id: 0x21d24036, /172.16.1.38:52370 :> repo.maven.apache.org/151.101.196.215:80]
2019-08-07 17:41:03,979 [Worker-25] INFO  c.n.h.c.p.n.NettyAsyncHttpProvider - Number of application's worked threads is 8
2019-08-07 17:41:04,534 [New I/O client worker #26-1] INFO  o.e.m.c.i.e.AbstractTransferListenerAdapter - Downloading http://repo.maven.apache.org/maven2/org/apache/maven/plugins/maven-dependency-plugin/2.1/maven-dependency-plugin-2.1.pom
2019-08-07 17:41:04,535 [New I/O client worker #26-1] INFO  o.e.m.c.i.e.AbstractTransferListenerAdapter - Downloaded http://repo.maven.apache.org/maven2/org/apache/maven/plugins/maven-dependency-plugin/2.1/maven-dependency-plugin-2.1.pom
2019-08-07 17:41:04,842 [Worker-25] INFO  c.n.h.c.p.n.NettyAsyncHttpProvider - Number of application's worked threads is 8
2019-08-07 17:41:05,277 [New I/O client worker #27-1] INFO  o.e.m.c.i.e.AbstractTransferListenerAdapter - Downloading http://repo.maven.apache.org/maven2/org/apache/maven/plugins/maven-dependency-plugin/2.1/maven-dependency-plugin-2.1.jar
2019-08-07 17:41:05,904 [New I/O client worker #27-1] INFO  o.e.m.c.i.e.AbstractTransferListenerAdapter - Downloaded http://repo.maven.apache.org/maven2/org/apache/maven/plugins/maven-dependency-plugin/2.1/maven-dependency-plugin-2.1.jar
2019-08-07 17:41:06,387 [Worker-25] INFO  c.n.h.c.p.n.NettyAsyncHttpProvider - Number of application's worked threads is 8
2019-08-07 17:41:06,919 [New I/O client worker #28-1] INFO  o.e.m.c.i.e.AbstractTransferListenerAdapter - Downloading http://repo.maven.apache.org/maven2/org/apache/maven/plugins/maven-release-plugin/2.0/maven-release-plugin-2.0.pom
2019-08-07 17:41:06,920 [New I/O client worker #28-1] INFO  o.e.m.c.i.e.AbstractTransferListenerAdapter - Downloaded http://repo.maven.apache.org/maven2/org/apache/maven/plugins/maven-release-plugin/2.0/maven-release-plugin-2.0.pom
2019-08-07 17:41:07,200 [Worker-25] INFO  c.n.h.c.p.n.NettyAsyncHttpProvider - Number of application's worked threads is 8
2019-08-07 17:41:07,722 [New I/O client worker #29-1] INFO  o.e.m.c.i.e.AbstractTransferListenerAdapter - Downloading http://repo.maven.apache.org/maven2/org/apache/maven/release/maven-release/2.0/maven-release-2.0.pom
2019-08-07 17:41:07,723 [New I/O client worker #29-1] INFO  o.e.m.c.i.e.AbstractTransferListenerAdapter - Downloaded http://repo.maven.apache.org/maven2/org/apache/maven/release/maven-release/2.0/maven-release-2.0.pom
2019-08-07 17:41:08,010 [Worker-25] INFO  c.n.h.c.p.n.NettyAsyncHttpProvider - Number of application's worked threads is 8
2019-08-07 17:41:08,442 [New I/O client worker #30-1] INFO  o.e.m.c.i.e.AbstractTransferListenerAdapter - Downloading http://repo.maven.apache.org/maven2/org/apache/maven/plugins/maven-release-plugin/2.0/maven-release-plugin-2.0.jar
2019-08-07 17:41:08,653 [New I/O client worker #30-1] INFO  o.e.m.c.i.e.AbstractTransferListenerAdapter - Downloaded http://repo.maven.apache.org/maven2/org/apache/maven/plugins/maven-release-plugin/2.0/maven-release-plugin-2.0.jar
2019-08-07 17:42:51,460 [Worker-11] INFO  o.e.m.c.i.l.LifecycleMappingFactory - Using org.eclipse.m2e.jdt.JarLifecycleMapping lifecycle mapping for MavenProject: com.etas:EmpTransport:0.0.1-SNAPSHOT @ D:\Installables Zips\ECMS\EmpTransport\pom.xml.
2019-08-07 17:43:01,089 [Worker-27] INFO  o.e.m.c.i.l.LifecycleMappingFactory - Using org.eclipse.m2e.jdt.JarLifecycleMapping lifecycle mapping for MavenProject: com.etas:EmpTransport:0.0.1-SNAPSHOT @ D:\Installables Zips\ECMS\EmpTransport\pom.xml.
2019-08-07 17:43:07,796 [Worker-36] INFO  o.e.m.c.i.l.LifecycleMappingFactory - Using org.maven.ide.eclipse.wtp.WarLifecycleMapping lifecycle mapping for MavenProject: com.etas:EmpTransport:0.0.1-SNAPSHOT @ D:\Installables Zips\ECMS\EmpTransport\pom.xml.
2019-08-07 17:43:08,100 [Worker-36] INFO  o.e.m.c.i.embedder.EclipseLogger - Using 'UTF-8' encoding to copy filtered resources.
2019-08-07 17:43:08,100 [Worker-36] INFO  o.e.m.c.i.embedder.EclipseLogger - skip non existing resourceDirectory D:\Installables Zips\ECMS\EmpTransport\src\main\resources
2019-08-07 17:43:08,102 [Worker-36] INFO  o.e.m.c.i.embedder.EclipseLogger - Using 'UTF-8' encoding to copy filtered resources.
2019-08-07 17:43:08,102 [Worker-36] INFO  o.e.m.c.i.embedder.EclipseLogger - skip non existing resourceDirectory D:\Installables Zips\ECMS\EmpTransport\src\test\resources
2019-08-07 17:43:08,102 [Worker-36] INFO  o.e.m.w.i.f.ResourceFilteringBuildParticipant - Changed resources require a complete clean of filtered resources of EmpTransport
2019-08-07 17:43:08,103 [Worker-36] INFO  o.e.m.w.i.f.ResourceFilteringBuildParticipant - Executing resource filtering for EmpTransport
2019-08-07 17:43:08,108 [Worker-36] INFO  o.e.m.c.i.embedder.EclipseLogger - Using 'UTF-8' encoding to copy filtered resources.
2019-08-07 17:43:09,334 [Worker-11] INFO  o.e.m.c.i.embedder.EclipseLogger - Using 'UTF-8' encoding to copy filtered resources.
2019-08-07 17:43:09,334 [Worker-11] INFO  o.e.m.c.i.embedder.EclipseLogger - skip non existing resourceDirectory D:\Installables Zips\ECMS\EmpTransport\src\main\resources
2019-08-07 17:43:09,335 [Worker-11] INFO  o.e.m.c.i.embedder.EclipseLogger - Using 'UTF-8' encoding to copy filtered resources.
2019-08-07 17:43:09,335 [Worker-11] INFO  o.e.m.c.i.embedder.EclipseLogger - skip non existing resourceDirectory D:\Installables Zips\ECMS\EmpTransport\src\test\resources
